<?xml version="1.0" encoding="UTF-8"?>
<!-- Generated by org.testng.reporters.JUnitReportReporter -->
<testsuite hostname="Gayatris-MacBook-Air.local" failures="0" tests="3" name="com.ve3globaltest.tasks.HomePageTests" time="75.540" errors="0" timestamp="2025-08-08T19:00:03 IST" skipped="0">
  <testcase classname="com.ve3globaltest.tasks.HomePageTests" name="verifyHomepageLoadsAfterValidLogin" time="1.867"/>
  <testcase classname="com.ve3globaltest.tasks.HomePageTests" name="verifyHomepageLoadsAfterValidLogin" time="7.728"/>
  <testcase classname="com.ve3globaltest.tasks.HomePageTests" name="verifyHomepageLoadsAfterValidLogin" time="65.945"/>
</testsuite> <!-- com.ve3globaltest.tasks.HomePageTests -->
