<?xml version="1.0" encoding="UTF-8"?>
<!-- Generated by org.testng.reporters.JUnitReportReporter -->
<testsuite hostname="Gayatris-MacBook-Air.local" failures="0" tests="1" name="com.utils.ApplicationUtil" time="0.023" errors="0" timestamp="2025-08-08T09:40:57 IST" skipped="0">
  <testcase classname="com.utils.ApplicationUtil" name="getAppURL" time="0.023"/>
</testsuite> <!-- com.utils.ApplicationUtil -->
