<?xml version="1.0" encoding="UTF-8"?>
<!-- Generated by org.testng.reporters.JUnitReportReporter -->
<testsuite hostname="Gayatris-MacBook-Air.local" failures="0" tests="1" name="com.ve3globaltest.tasks.HomePageTests" time="7.194" errors="0" timestamp="2025-08-08T11:47:52 IST" skipped="0">
  <testcase classname="com.ve3globaltest.tasks.HomePageTests" name="verifySearchFunctionalityDisplaysResults" time="7.194"/>
</testsuite> <!-- com.ve3globaltest.tasks.HomePageTests -->
