<?xml version="1.0" encoding="UTF-8"?>
<!-- Generated by org.testng.reporters.JUnitReportReporter -->
<testsuite hostname="Gayatris-MacBook-Air.local" failures="0" tests="3" name="com.ve3globaltest.tasks.DataDrivenLoginTest" time="7.163" errors="0" timestamp="2025-08-10T18:23:29 IST" skipped="0">
  <testcase classname="com.ve3globaltest.tasks.DataDrivenLoginTest" name="verifyHomepageLoadsAfterValidLogin" time="5.194"/>
  <testcase classname="com.ve3globaltest.tasks.DataDrivenLoginTest" name="verifyHomepageLoadsAfterValidLogin" time="1.455"/>
  <testcase classname="com.ve3globaltest.tasks.DataDrivenLoginTest" name="verifyHomepageLoadsAfterValidLogin" time="0.514"/>
</testsuite> <!-- com.ve3globaltest.tasks.DataDrivenLoginTest -->
