<?xml version="1.0" encoding="UTF-8"?>
<!-- Generated by org.testng.reporters.JUnitReportReporter -->
<testsuite hostname="Gayatris-MacBook-Air.local" failures="0" tests="1" name="com.ve3globaltest.tasks.HomePageTests" time="4.420" errors="0" timestamp="2025-08-08T23:55:48 IST" skipped="0">
  <testcase classname="com.ve3globaltest.tasks.HomePageTests" name="validateCartFunctionality" time="4.420"/>
</testsuite> <!-- com.ve3globaltest.tasks.HomePageTests -->
