<?xml version="1.0" encoding="UTF-8"?>
<!-- Generated by org.testng.reporters.JUnitReportReporter -->
<testsuite hostname="Gayatris-MacBook-Air.local" failures="0" tests="3" name="com.ve3globaltest.tasks.ProductCheckOutFlow" time="4.273" errors="0" timestamp="2025-08-10T18:23:49 IST" skipped="0">
  <testcase classname="com.ve3globaltest.tasks.ProductCheckOutFlow" name="verifyProductFilterPriceLowToHigh" time="1.069"/>
  <testcase classname="com.ve3globaltest.tasks.ProductCheckOutFlow" name="validateCheckoutFunctionality" time="2.756"/>
  <testcase classname="com.ve3globaltest.tasks.ProductCheckOutFlow" name="validateCartFunctionality" time="0.448"/>
</testsuite> <!-- com.ve3globaltest.tasks.ProductCheckOutFlow -->
