<?xml version="1.0" encoding="UTF-8"?>
<!-- Generated by org.testng.reporters.JUnitReportReporter -->
<testsuite hostname="Gayatris-MacBook-Air.local" failures="0" tests="3" name="com.ve3globaltest.tasks.DataDrivenLoginTest" time="6.364" errors="0" timestamp="2025-08-10T23:49:45 IST" skipped="0">
  <testcase classname="com.ve3globaltest.tasks.DataDrivenLoginTest" name="verifyHomepageLoadsAfterValidLogin" time="0.954"/>
  <testcase classname="com.ve3globaltest.tasks.DataDrivenLoginTest" name="verifyHomepageLoadsAfterValidLogin" time="5.190"/>
  <testcase classname="com.ve3globaltest.tasks.DataDrivenLoginTest" name="verifyHomepageLoadsAfterValidLogin" time="0.220"/>
</testsuite> <!-- com.ve3globaltest.tasks.DataDrivenLoginTest -->
