<?xml version="1.0" encoding="UTF-8"?>
<!-- Generated by org.testng.reporters.JUnitReportReporter -->
<testsuite hostname="Gayatris-MacBook-Air.local" failures="0" tests="3" name="com.ve3globaltest.tasks.DataDrivenLoginTest" time="6.315" errors="0" timestamp="2025-08-11T13:19:52 IST" skipped="0">
  <testcase classname="com.ve3globaltest.tasks.DataDrivenLoginTest" name="verifyHomepageLoadsAfterValidLogin" time="5.189"/>
  <testcase classname="com.ve3globaltest.tasks.DataDrivenLoginTest" name="verifyHomepageLoadsAfterValidLogin" time="0.906"/>
  <testcase classname="com.ve3globaltest.tasks.DataDrivenLoginTest" name="verifyHomepageLoadsAfterValidLogin" time="0.220"/>
</testsuite> <!-- com.ve3globaltest.tasks.DataDrivenLoginTest -->
